<?xml version="1.0" encoding="UTF-8"?>
<!-- Generated by org.testng.reporters.JUnitReportReporter -->
<testsuite hostname="DESKTOP-5IPPVIC" failures="0" tests="13" name="TestCases" time="45.381" errors="0" timestamp="2023-06-24T11:29:43 PDT" skipped="0">
  <testcase classname="TestCases" name="CheckTheLanguage" time="0.086"/>
  <system-out/>
  <testcase classname="TestCases" name="CheckTheCurrency" time="0.050"/>
  <system-out/>
  <testcase classname="TestCases" name="CheckTheContactNumber" time="0.051"/>
  <system-out/>
  <testcase classname="TestCases" name="CheckTheQitafLogo" time="0.106"/>
  <system-out/>
  <testcase classname="TestCases" name="CheckTheHotelIsNotSelected" time="0.086"/>
  <system-out/>
  <testcase classname="TestCases" name="FlightDepartureDate" time="0.104"/>
  <system-out/>
  <testcase classname="TestCases" name="FlightReturnDate" time="0.091"/>
  <system-out/>
  <testcase classname="TestCases" name="RandomCheckTheWebsiteLanguage" time="1.674"/>
  <system-out/>
  <testcase classname="TestCases" name="Test_The_hotel_tab" time="14.410"/>
  <system-out/>
  <testcase classname="TestCases" name="Randomly_select_number_of_vistor" time="12.144"/>
  <system-out/>
  <testcase classname="TestCases" name="search_hotel" time="2.094"/>
  <system-out/>
  <testcase classname="TestCases" name="done_searching" time="9.264"/>
  <system-out/>
  <testcase classname="TestCases" name="sorting_from_lowe_to_hight" time="5.221"/>
  <system-out/>
</testsuite> <!-- TestCases -->
